<?xml version="1.0" encoding="UTF-8"?>
<testng-results ignored="0" total="3" passed="2" failed="1" skipped="0">
  <reporter-output>
  </reporter-output>
  <suite started-at="2022-03-20T15:45:17 IST" name="Default suite" finished-at="2022-03-20T15:45:34 IST" duration-ms="16386">
    <groups>
    </groups>
    <test started-at="2022-03-20T15:45:17 IST" name="Default test" finished-at="2022-03-20T15:45:34 IST" duration-ms="16386">
      <class name="lesson6.MumbaiHighCourt">
        <test-method is-config="true" signature="configure()[pri:0, instance:lesson6.MumbaiHighCourt@4a883b15]" started-at="2022-03-20T15:45:17 IST" name="configure" finished-at="2022-03-20T15:45:23 IST" duration-ms="5811" status="PASS">
          <reporter-output>
          </reporter-output>
        </test-method> <!-- configure -->
        <test-method signature="contact()[pri:0, instance:lesson6.MumbaiHighCourt@4a883b15]" started-at="2022-03-20T15:45:23 IST" name="contact" finished-at="2022-03-20T15:45:27 IST" duration-ms="3818" status="PASS">
          <reporter-output>
          </reporter-output>
        </test-method> <!-- contact -->
        <test-method signature="formerChiefJustices()[pri:0, instance:lesson6.MumbaiHighCourt@4a883b15]" started-at="2022-03-20T15:45:27 IST" name="formerChiefJustices" finished-at="2022-03-20T15:45:30 IST" duration-ms="2875" status="FAIL">
          <exception class="java.lang.AssertionError">
            <message>
              <![CDATA[former is not exist in the URL value
expected [true] but found [false]]]>
            </message>
            <full-stacktrace>
              <![CDATA[java.lang.AssertionError: former is not exist in the URL value
expected [true] but found [false]
at org.testng.asserts.SoftAssert.assertAll(SoftAssert.java:46)
at lesson6.MumbaiHighCourt.verifyURL(MumbaiHighCourt.java:88)
at lesson6.MumbaiHighCourt.formerChiefJustices(MumbaiHighCourt.java:47)
at java.base/jdk.internal.reflect.NativeMethodAccessorImpl.invoke0(Native Method)
at java.base/jdk.internal.reflect.NativeMethodAccessorImpl.invoke(NativeMethodAccessorImpl.java:77)
at java.base/jdk.internal.reflect.DelegatingMethodAccessorImpl.invoke(DelegatingMethodAccessorImpl.java:43)
at java.base/java.lang.reflect.Method.invoke(Method.java:568)
at org.testng.internal.invokers.MethodInvocationHelper.invokeMethod(MethodInvocationHelper.java:135)
at org.testng.internal.invokers.TestInvoker.invokeMethod(TestInvoker.java:673)
at org.testng.internal.invokers.TestInvoker.invokeTestMethod(TestInvoker.java:220)
at org.testng.internal.invokers.MethodRunner.runInSequence(MethodRunner.java:50)
at org.testng.internal.invokers.TestInvoker$MethodInvocationAgent.invoke(TestInvoker.java:945)
at org.testng.internal.invokers.TestInvoker.invokeTestMethods(TestInvoker.java:193)
at org.testng.internal.invokers.TestMethodWorker.invokeTestMethods(TestMethodWorker.java:146)
at org.testng.internal.invokers.TestMethodWorker.run(TestMethodWorker.java:128)
at java.base/java.util.ArrayList.forEach(ArrayList.java:1511)
at org.testng.TestRunner.privateRun(TestRunner.java:808)
at org.testng.TestRunner.run(TestRunner.java:603)
at org.testng.SuiteRunner.runTest(SuiteRunner.java:429)
at org.testng.SuiteRunner.runSequentially(SuiteRunner.java:423)
at org.testng.SuiteRunner.privateRun(SuiteRunner.java:383)
at org.testng.SuiteRunner.run(SuiteRunner.java:326)
at org.testng.SuiteRunnerWorker.runSuite(SuiteRunnerWorker.java:52)
at org.testng.SuiteRunnerWorker.run(SuiteRunnerWorker.java:95)
at org.testng.TestNG.runSuitesSequentially(TestNG.java:1249)
at org.testng.TestNG.runSuitesLocally(TestNG.java:1169)
at org.testng.TestNG.runSuites(TestNG.java:1092)
at org.testng.TestNG.run(TestNG.java:1060)
at org.testng.remote.AbstractRemoteTestNG.run(AbstractRemoteTestNG.java:115)
at org.testng.remote.RemoteTestNG.initAndRun(RemoteTestNG.java:251)
at org.testng.remote.RemoteTestNG.main(RemoteTestNG.java:77)
]]>
            </full-stacktrace>
          </exception> <!-- java.lang.AssertionError -->
          <reporter-output>
          </reporter-output>
        </test-method> <!-- formerChiefJustices -->
        <test-method signature="history()[pri:0, instance:lesson6.MumbaiHighCourt@4a883b15]" started-at="2022-03-20T15:45:30 IST" name="history" finished-at="2022-03-20T15:45:34 IST" duration-ms="3812" status="PASS">
          <reporter-output>
          </reporter-output>
        </test-method> <!-- history -->
      </class> <!-- lesson6.MumbaiHighCourt -->
    </test> <!-- Default test -->
  </suite> <!-- Default suite -->
</testng-results>
